<?xml version="1.0" encoding="UTF-8"?>
<testng-results skipped="0" failed="0" ignored="0" total="2" passed="2">
  <reporter-output>
  </reporter-output>
  <suite name="Account Tests" duration-ms="18527" started-at="2021-08-06T11:51:03 CST" finished-at="2021-08-06T11:51:22 CST">
    <groups>
    </groups>
    <test name="login_Test" duration-ms="18527" started-at="2021-08-06T11:51:03 CST" finished-at="2021-08-06T11:51:22 CST">
      <class name="testAccount">
        <test-method status="PASS" signature="Test_Login_Unsuccessful()[pri:0, instance:testAccount@5ddabb18]" name="Test_Login_Unsuccessful" duration-ms="12576" started-at="2021-08-06T11:51:03 CST" finished-at="2021-08-06T11:51:16 CST">
          <reporter-output>
          </reporter-output>
        </test-method> <!-- Test_Login_Unsuccessful -->
        <test-method status="PASS" signature="test_Login()[pri:0, instance:testAccount@5ddabb18]" name="test_Login" duration-ms="5709" started-at="2021-08-06T11:51:16 CST" finished-at="2021-08-06T11:51:22 CST">
          <reporter-output>
          </reporter-output>
        </test-method> <!-- test_Login -->
      </class> <!-- testAccount -->
    </test> <!-- login_Test -->
  </suite> <!-- Account Tests -->
</testng-results>
